[coomy.cam/index.html]
[backblue.gif]
[fade.gif]
[index.html]
[coomy.cam/assets/bootstrap/css/bootstrap.min.css]
[cdnjs.cloudflare.com/ajax/libs/pikaday/1.6.1/css/pikaday.min.css]
[coomy.cam/assets/css/styles.min.css]
[coomy.cam/assets/css/custom.css]
[coomy.cam/assets/img/favicon.png]
[cdnjs.cloudflare.com/ajax/libs/animate.css/3.5.2/animate.min.css]
[pro.fontawesome.com/releases/v5.10.0/css/all.css]
[coomy.cam/index-2.html]
[coomy.cam/assets/img/avatars/logo1.png]
[coomy.cam/_assets/img/tech/image6.png_]
[coomy.cam/assets/js/jquery.min.js]
[coomy.cam/assets/bootstrap/js/bootstrap.min.js]
[cdnjs.cloudflare.com/ajax/libs/pikaday/1.6.1/pikaday.min.js]
[coomy.cam/assets/js/script.min.js]
[coomy.cam/assets/js/ion.sound.min.js]
[coomy.cam/index.html]
[coomy.cam/assets/bootstrap/css/bootstrap.min.css]
[cdnjs.cloudflare.com/ajax/libs/pikaday/1.6.1/css/pikaday.min.css]
[coomy.cam/assets/css/styles.min.css]
[coomy.cam/assets/css/custom.css]
[cdnjs.cloudflare.com/ajax/libs/animate.css/3.5.2/animate.min.css]
[pro.fontawesome.com/releases/v5.10.0/css/all.css]
[coomy.cam/index-2.html]
[coomy.cam/_assets/img/tech/image6.html]
[coomy.cam/assets/js/custom.js]
